<?xml version="1.0" encoding="UTF-8"?>
<testsuite xmlns:xsi="http://www.w3.org/2001/XMLSchema-instance" xsi:noNamespaceSchemaLocation="https://maven.apache.org/surefire/maven-surefire-plugin/xsd/surefire-test-report.xsd" version="3.0.2" name="com.deliverytech.delivery_api.DeliveryApiApplicationTests" time="12.559" tests="1" errors="0" skipped="0" failures="0">
  <properties>
[...]
</properties>
  <testcase name="contextLoads" classname="com.deliverytech.delivery_api.DeliveryApiApplicationTests" time="0.889">
    <system-out><![CDATA[11:22:32.720 [main] INFO org.springframework.test.context.support.AnnotationConfigContextLoaderUtils -- Could not detect default configuration classes for test class [com.deliverytech.delivery_api.DeliveryApiApplicationTests]: DeliveryApiApplicationTests does not declare any static, non-private, non-final, nested classes annotated with @Configuration.
11:22:32.997 [main] INFO org.springframework.boot.test.context.SpringBootTestContextBootstrapper -- Found @SpringBootConfiguration com.deliverytech.delivery_api.DeliveryApiApplication for test class com.deliverytech.delivery_api.DeliveryApiApplicationTests
11:22:33.448 [main] INFO org.springframework.boot.devtools.restart.RestartApplicationListener -- Restart disabled due to context in which it is running

  .   ____          _            __ _ _
 /\\ / ___'_ __ _ _(_)_ __  __ _ \ \ \ \
( ( )\___ | '_ | '_| | '_ \/ _` | \ \ \ \
 \\/  ___)| |_)| | | | | || (_| |  ) ) ) )
  '  |____| .__|_| |_|_| |_\__, | / / / /
 =========|_|==============|___/=/_/_/_/

 :: Spring Boot ::                (v3.5.3)

2025-07-03T11:22:34.103-03:00  INFO 14060 --- [delivery-api] [           main] c.d.d.DeliveryApiApplicationTests        : Starting DeliveryApiApplicationTests using Java 21.0.7 with PID 14060 (started by Jackson in d:\DEV\QUALIFICASP\PROJETO\delivery-api)
2025-07-03T11:22:34.106-03:00  INFO 14060 --- [delivery-api] [           main] c.d.d.DeliveryApiApplicationTests        : No active profile set, falling back to 1 default profile: "default"
2025-07-03T11:22:34.186-03:00 DEBUG 14060 --- [delivery-api] [           main] o.s.w.c.s.GenericWebApplicationContext   : Refreshing org.springframework.web.context.support.GenericWebApplicationContext@7ea4d397
2025-07-03T11:22:36.450-03:00  INFO 14060 --- [delivery-api] [           main] .s.d.r.c.RepositoryConfigurationDelegate : Bootstrapping Spring Data JPA repositories in DEFAULT mode.
2025-07-03T11:22:36.607-03:00  INFO 14060 --- [delivery-api] [           main] .s.d.r.c.RepositoryConfigurationDelegate : Finished Spring Data repository scanning in 131 ms. Found 4 JPA repository interfaces.
2025-07-03T11:22:37.616-03:00  INFO 14060 --- [delivery-api] [           main] o.hibernate.jpa.internal.util.LogHelper  : HHH000204: Processing PersistenceUnitInfo [name: default]
2025-07-03T11:22:37.766-03:00  INFO 14060 --- [delivery-api] [           main] org.hibernate.Version                    : HHH000412: Hibernate ORM core version 6.6.18.Final
2025-07-03T11:22:37.846-03:00  INFO 14060 --- [delivery-api] [           main] o.h.c.internal.RegionFactoryInitiator    : HHH000026: Second-level cache disabled
2025-07-03T11:22:38.649-03:00  INFO 14060 --- [delivery-api] [           main] o.s.o.j.p.SpringPersistenceUnitInfo      : No LoadTimeWeaver setup: ignoring JPA class transformer
2025-07-03T11:22:38.741-03:00  INFO 14060 --- [delivery-api] [           main] com.zaxxer.hikari.HikariDataSource       : HikariPool-1 - Starting...
2025-07-03T11:22:39.110-03:00  INFO 14060 --- [delivery-api] [           main] com.zaxxer.hikari.pool.HikariPool        : HikariPool-1 - Added connection conn0: url=jdbc:h2:mem:deliverydb user=SA
2025-07-03T11:22:39.113-03:00  INFO 14060 --- [delivery-api] [           main] com.zaxxer.hikari.HikariDataSource       : HikariPool-1 - Start completed.
2025-07-03T11:22:39.159-03:00  WARN 14060 --- [delivery-api] [           main] org.hibernate.orm.deprecation            : HHH90000025: H2Dialect does not need to be specified explicitly using 'hibernate.dialect' (remove the property setting and it will be selected by default)
2025-07-03T11:22:39.204-03:00  INFO 14060 --- [delivery-api] [           main] org.hibernate.orm.connections.pooling    : HHH10001005: Database info:
	Database JDBC URL [Connecting through datasource 'HikariDataSource (HikariPool-1)']
	Database driver: undefined/unknown
	Database version: 2.3.232
	Autocommit mode: undefined/unknown
	Isolation level: undefined/unknown
	Minimum pool size: undefined/unknown
	Maximum pool size: undefined/unknown
2025-07-03T11:22:41.009-03:00  INFO 14060 --- [delivery-api] [           main] o.h.e.t.j.p.i.JtaPlatformInitiator       : HHH000489: No JTA platform available (set 'hibernate.transaction.jta.platform' to enable JTA platform integration)
Hibernate: 
    drop table if exists cliente cascade 
Hibernate: 
    drop table if exists item_pedido cascade 
Hibernate: 
    drop table if exists pedido cascade 
Hibernate: 
    drop table if exists produto cascade 
Hibernate: 
    drop table if exists restaurante cascade 
Hibernate: 
    create table cliente (
        ativo boolean not null,
        id bigint generated by default as identity,
        email varchar(255),
        endereco varchar(255),
        nome varchar(255),
        telefone varchar(255),
        primary key (id)
    )
Hibernate: 
    create table item_pedido (
        preco_unitario numeric(38,2),
        quantidade integer not null,
        subtotal numeric(38,2),
        id bigint generated by default as identity,
        pedido_id bigint,
        produto_id bigint,
        primary key (id)
    )
Hibernate: 
    create table pedido (
        subtotal numeric(38,2),
        taxa_entrega numeric(38,2),
        valor_total numeric(38,2),
        cliente_id bigint,
        data_pedido timestamp(6),
        id bigint generated by default as identity,
        restaurante_id bigint,
        endereco_entrega varchar(255),
        status enum ('CANCELADO','CONFIRMADO','ENTREGUE','PENDENTE','PREPARANDO','SAIU_PARA_ENTREGA'),
        primary key (id)
    )
Hibernate: 
    create table produto (
        disponivel boolean not null,
        preco numeric(38,2),
        id bigint generated by default as identity,
        restaurante_id bigint,
        categoria varchar(255),
        descricao varchar(255),
        nome varchar(255),
        primary key (id)
    )
Hibernate: 
    create table restaurante (
        ativo boolean not null,
        taxa_entrega numeric(38,2),
        id bigint generated by default as identity,
        categoria varchar(255),
        endereco varchar(255),
        nome varchar(255),
        telefone varchar(255),
        primary key (id)
    )
Hibernate: 
    alter table if exists item_pedido 
       add constraint FK60ym08cfoysa17wrn1swyiuda 
       foreign key (pedido_id) 
       references pedido
Hibernate: 
    alter table if exists item_pedido 
       add constraint FKtk55mn6d6bvl5h0no5uagi3sf 
       foreign key (produto_id) 
       references produto
Hibernate: 
    alter table if exists pedido 
       add constraint FK30s8j2ktpay6of18lbyqn3632 
       foreign key (cliente_id) 
       references cliente
Hibernate: 
    alter table if exists pedido 
       add constraint FK3eud5cqmgsnltyk704hu3qj71 
       foreign key (restaurante_id) 
       references restaurante
Hibernate: 
    alter table if exists produto 
       add constraint FKb9jhjyghjcn25guim7q4pt8qx 
       foreign key (restaurante_id) 
       references restaurante
2025-07-03T11:22:41.131-03:00  INFO 14060 --- [delivery-api] [           main] j.LocalContainerEntityManagerFactoryBean : Initialized JPA EntityManagerFactory for persistence unit 'default'
2025-07-03T11:22:41.719-03:00 DEBUG 14060 --- [delivery-api] [           main] s.w.s.m.m.a.RequestMappingHandlerMapping : 4 mappings in 'requestMappingHandlerMapping'
2025-07-03T11:22:42.034-03:00 DEBUG 14060 --- [delivery-api] [           main] o.s.w.s.handler.SimpleUrlHandlerMapping  : Patterns [/webjars/**, /**] in 'resourceHandlerMapping'
2025-07-03T11:22:42.102-03:00 DEBUG 14060 --- [delivery-api] [           main] s.w.s.m.m.a.RequestMappingHandlerAdapter : ControllerAdvice beans: 0 @ModelAttribute, 0 @InitBinder, 1 RequestBodyAdvice, 1 ResponseBodyAdvice
2025-07-03T11:22:42.217-03:00 DEBUG 14060 --- [delivery-api] [           main] .m.m.a.ExceptionHandlerExceptionResolver : ControllerAdvice beans: 0 @ExceptionHandler, 1 ResponseBodyAdvice
2025-07-03T11:22:43.496-03:00  INFO 14060 --- [delivery-api] [           main] o.s.b.a.h2.H2ConsoleAutoConfiguration    : H2 console available at '/h2-console'. Database available at 'jdbc:h2:mem:deliverydb'
2025-07-03T11:22:43.586-03:00  INFO 14060 --- [delivery-api] [           main] o.s.b.a.e.web.EndpointLinksResolver      : Exposing 1 endpoint beneath base path '/actuator'
2025-07-03T11:22:43.816-03:00  INFO 14060 --- [delivery-api] [           main] c.d.d.DeliveryApiApplicationTests        : Started DeliveryApiApplicationTests in 10.394 seconds (process running for 12.758)
]]></system-out>
    <system-err><![CDATA[Mockito is currently self-attaching to enable the inline-mock-maker. This will no longer work in future releases of the JDK. Please add Mockito as an agent to your build as described in Mockito's documentation: https://javadoc.io/doc/org.mockito/mockito-core/latest/org.mockito/org/mockito/Mockito.html#0.3
WARNING: A Java agent has been loaded dynamically (C:\Users\Jackson\.m2\repository\net\bytebuddy\byte-buddy-agent\1.17.6\byte-buddy-agent-1.17.6.jar)
WARNING: If a serviceability tool is in use, please run with -XX:+EnableDynamicAgentLoading to hide this warning
WARNING: If a serviceability tool is not in use, please run with -Djdk.instrument.traceUsage for more information
WARNING: Dynamic loading of agents will be disallowed by default in a future release
]]></system-err>
  </testcase>
</testsuite>